020-01-01 18:12:31 INFO  SecurityConfig:33 - Configuration complete
2020-01-01 18:51:38 INFO  SecurityConfig:33 - Configuration complete
2020-01-01 18:53:59 INFO  SecurityConfig:33 - Configuration complete
2020-01-01 19:41:07 INFO  SecurityConfig:33 - Configuration complete
2020-01-01 19:43:02 INFO  SecurityConfig:33 - Configuration complete
2020-01-01 19:46:25 INFO  SecurityConfig:33 - Configuration complete
2020-01-01 19:55:28 INFO  SecurityConfig:33 - Configuration complete
2020-01-01 20:00:12 INFO  SecurityConfig:33 - Configuration complete
2020-01-09 17:23:59 INFO  SecurityConfig:33 - Configuration complete
2020-01-09 17:28:38 INFO  SecurityConfig:33 - Configuration complete
2020-01-09 17:31:08 INFO  SecurityConfig:33 - Configuration complete
2020-01-09 17:54:28 INFO  SecurityConfig:33 - Configuration complete
2020-01-12 16:02:58 INFO  SecurityConfig:33 - Configuration complete
2020-01-12 16:29:15 INFO  SecurityConfig:33 - Configuration complete
2020-01-12 16:51:17 INFO  SecurityConfig:33 - Configuration complete
2020-01-12 16:55:12 INFO  SecurityConfig:33 - Configuration complete
2020-01-12 23:52:51 INFO  SecurityConfig:33 - Configuration complete
2020-01-12 23:55:41 WARN  ExceptionHandlerExceptionResolver:391 - Failed to invoke @ExceptionHandler method: public com.increff.employee.model.MessageData com.increff.employee.controller.AppRestControllerAdvice.handle(java.lang.Throwable)
java.lang.NoClassDefFoundError: Could not initialize class org.springframework.web.accept.PathExtensionContentNegotiationStrategy$ActivationMediaTypeFactory
	at org.springframework.web.accept.PathExtensionContentNegotiationStrategy.handleNoMatch(PathExtensionContentNegotiationStrategy.java:130)
	at org.springframework.web.accept.ServletPathExtensionContentNegotiationStrategy.handleNoMatch(ServletPathExtensionContentNegotiationStrategy.java:78)
	at org.springframework.web.accept.AbstractMappingContentNegotiationStrategy.resolveMediaTypeKey(AbstractMappingContentNegotiationStrategy.java:78)
	at org.springframework.web.accept.AbstractMappingContentNegotiationStrategy.resolveMediaTypes(AbstractMappingContentNegotiationStrategy.java:61)
	at org.springframework.web.accept.ContentNegotiationManager.resolveMediaTypes(ContentNegotiationManager.java:125)
	at org.springframework.web.servlet.mvc.method.annotation.AbstractMessageConverterMethodProcessor.getAcceptableMediaTypes(AbstractMessageConverterMethodProcessor.java:329)
	at org.springframework.web.servlet.mvc.method.annotation.AbstractMessageConverterMethodProcessor.writeWithMessageConverters(AbstractMessageConverterMethodProcessor.java:183)
	at org.springframework.web.servlet.mvc.method.annotation.RequestResponseBodyMethodProcessor.handleReturnValue(RequestResponseBodyMethodProcessor.java:174)
	at org.springframework.web.method.support.HandlerMethodReturnValueHandlerComposite.handleReturnValue(HandlerMethodReturnValueHandlerComposite.java:81)
	at org.springframework.web.servlet.mvc.method.annotation.ServletInvocableHandlerMethod.invokeAndHandle(ServletInvocableHandlerMethod.java:132)
	at org.springframework.web.servlet.mvc.method.annotation.ExceptionHandlerExceptionResolver.doResolveHandlerMethodException(ExceptionHandlerExceptionResolver.java:380)
	at org.springframework.web.servlet.handler.AbstractHandlerMethodExceptionResolver.doResolveException(AbstractHandlerMethodExceptionResolver.java:59)
	at org.springframework.web.servlet.handler.AbstractHandlerExceptionResolver.resolveException(AbstractHandlerExceptionResolver.java:136)
	at org.springframework.web.servlet.handler.HandlerExceptionResolverComposite.resolveException(HandlerExceptionResolverComposite.java:74)
	at org.springframework.web.servlet.DispatcherServlet.processHandlerException(DispatcherServlet.java:1207)
	at org.springframework.web.servlet.DispatcherServlet.processDispatchResult(DispatcherServlet.java:1030)
	at org.springframework.web.servlet.DispatcherServlet.doDispatch(DispatcherServlet.java:980)
	at org.springframework.web.servlet.DispatcherServlet.doService(DispatcherServlet.java:897)
	at org.springframework.web.servlet.FrameworkServlet.processRequest(FrameworkServlet.java:970)
	at org.springframework.web.servlet.FrameworkServlet.doGet(FrameworkServlet.java:861)
	at javax.servlet.http.HttpServlet.service(HttpServlet.java:687)
	at org.springframework.web.servlet.FrameworkServlet.service(FrameworkServlet.java:846)
	at javax.servlet.http.HttpServlet.service(HttpServlet.java:790)
	at org.eclipse.jetty.servlet.ServletHolder.handle(ServletHolder.java:760)
	at org.eclipse.jetty.servlet.ServletHandler$CachedChain.doFilter(ServletHandler.java:1617)
	at org.eclipse.jetty.websocket.server.WebSocketUpgradeFilter.doFilter(WebSocketUpgradeFilter.java:226)
	at org.eclipse.jetty.servlet.ServletHandler$CachedChain.doFilter(ServletHandler.java:1604)
	at org.springframework.security.web.FilterChainProxy.doFilterInternal(FilterChainProxy.java:208)
	at org.springframework.security.web.FilterChainProxy.doFilter(FilterChainProxy.java:177)
	at org.springframework.web.filter.DelegatingFilterProxy.invokeDelegate(DelegatingFilterProxy.java:346)
	at org.springframework.web.filter.DelegatingFilterProxy.doFilter(DelegatingFilterProxy.java:262)
	at org.eclipse.jetty.servlet.ServletHandler$CachedChain.doFilter(ServletHandler.java:1604)
	at org.eclipse.jetty.servlet.ServletHandler.doHandle(ServletHandler.java:545)
	at org.eclipse.jetty.server.handler.ScopedHandler.handle(ScopedHandler.java:143)
	at org.eclipse.jetty.security.SecurityHandler.handle(SecurityHandler.java:536)
	at org.eclipse.jetty.server.handler.HandlerWrapper.handle(HandlerWrapper.java:127)
	at org.eclipse.jetty.server.handler.ScopedHandler.nextHandle(ScopedHandler.java:235)
	at org.eclipse.jetty.server.session.SessionHandler.doHandle(SessionHandler.java:1589)
	at org.eclipse.jetty.server.handler.ScopedHandler.nextHandle(ScopedHandler.java:233)
	at org.eclipse.jetty.server.handler.ContextHandler.doHandle(ContextHandler.java:1296)
	at org.eclipse.jetty.server.handler.ScopedHandler.nextScope(ScopedHandler.java:188)
	at org.eclipse.jetty.servlet.ServletHandler.doScope(ServletHandler.java:485)
	at org.eclipse.jetty.server.session.SessionHandler.doScope(SessionHandler.java:1559)
	at org.eclipse.jetty.server.handler.ScopedHandler.nextScope(ScopedHandler.java:186)
	at org.eclipse.jetty.server.handler.ContextHandler.doScope(ContextHandler.java:1211)
	at org.eclipse.jetty.server.handler.ScopedHandler.handle(ScopedHandler.java:141)
	at org.eclipse.jetty.server.handler.ContextHandlerCollection.handle(ContextHandlerCollection.java:221)
	at org.eclipse.jetty.server.handler.HandlerCollection.handle(HandlerCollection.java:146)
	at org.eclipse.jetty.server.handler.HandlerWrapper.handle(HandlerWrapper.java:127)
	at org.eclipse.jetty.server.Server.handle(Server.java:500)
	at org.eclipse.jetty.server.HttpChannel.lambda$handle$1(HttpChannel.java:386)
	at org.eclipse.jetty.server.HttpChannel.dispatch(HttpChannel.java:560)
	at org.eclipse.jetty.server.HttpChannel.handle(HttpChannel.java:378)
	at org.eclipse.jetty.server.HttpConnection.onFillable(HttpConnection.java:268)
	at org.eclipse.jetty.io.AbstractConnection$ReadCallback.succeeded(AbstractConnection.java:311)
	at org.eclipse.jetty.io.FillInterest.fillable(FillInterest.java:103)
	at org.eclipse.jetty.io.ChannelEndPoint$2.run(ChannelEndPoint.java:117)
	at org.eclipse.jetty.util.thread.strategy.EatWhatYouKill.runTask(EatWhatYouKill.java:336)
	at org.eclipse.jetty.util.thread.strategy.EatWhatYouKill.doProduce(EatWhatYouKill.java:313)
	at org.eclipse.jetty.util.thread.strategy.EatWhatYouKill.tryProduce(EatWhatYouKill.java:171)
	at org.eclipse.jetty.util.thread.strategy.EatWhatYouKill.run(EatWhatYouKill.java:129)
	at org.eclipse.jetty.util.thread.ReservedThreadExecutor$ReservedThread.run(ReservedThreadExecutor.java:367)
	at org.eclipse.jetty.util.thread.QueuedThreadPool.runJob(QueuedThreadPool.java:782)
	at org.eclipse.jetty.util.thread.QueuedThreadPool$Runner.run(QueuedThreadPool.java:914)
	at java.base/java.lang.Thread.run(Thread.java:830)
2020-01-12 23:55:41 WARN  ExceptionHandlerExceptionResolver:391 - Failed to invoke @ExceptionHandler method: public com.increff.employee.model.MessageData com.increff.employee.controller.AppRestControllerAdvice.handle(java.lang.Throwable)
java.lang.NoClassDefFoundError: Could not initialize class org.springframework.web.accept.PathExtensionContentNegotiationStrategy$ActivationMediaTypeFactory
	at org.springframework.web.accept.PathExtensionContentNegotiationStrategy.handleNoMatch(PathExtensionContentNegotiationStrategy.java:130)
	at org.springframework.web.accept.ServletPathExtensionContentNegotiationStrategy.handleNoMatch(ServletPathExtensionContentNegotiationStrategy.java:78)
	at org.springframework.web.accept.AbstractMappingContentNegotiationStrategy.resolveMediaTypeKey(AbstractMappingContentNegotiationStrategy.java:78)
	at org.springframework.web.accept.AbstractMappingContentNegotiationStrategy.resolveMediaTypes(AbstractMappingContentNegotiationStrategy.java:61)
	at org.springframework.web.accept.ContentNegotiationManager.resolveMediaTypes(ContentNegotiationManager.java:125)
	at org.springframework.web.servlet.mvc.method.annotation.AbstractMessageConverterMethodProcessor.getAcceptableMediaTypes(AbstractMessageConverterMethodProcessor.java:329)
	at org.springframework.web.servlet.mvc.method.annotation.AbstractMessageConverterMethodProcessor.writeWithMessageConverters(AbstractMessageConverterMethodProcessor.java:183)
	at org.springframework.web.servlet.mvc.method.annotation.RequestResponseBodyMethodProcessor.handleReturnValue(RequestResponseBodyMethodProcessor.java:174)
	at org.springframework.web.method.support.HandlerMethodReturnValueHandlerComposite.handleReturnValue(HandlerMethodReturnValueHandlerComposite.java:81)
	at org.springframework.web.servlet.mvc.method.annotation.ServletInvocableHandlerMethod.invokeAndHandle(ServletInvocableHandlerMethod.java:132)
	at org.springframework.web.servlet.mvc.method.annotation.ExceptionHandlerExceptionResolver.doResolveHandlerMethodException(ExceptionHandlerExceptionResolver.java:380)
	at org.springframework.web.servlet.handler.AbstractHandlerMethodExceptionResolver.doResolveException(AbstractHandlerMethodExceptionResolver.java:59)
	at org.springframework.web.servlet.handler.AbstractHandlerExceptionResolver.resolveException(AbstractHandlerExceptionResolver.java:136)
	at org.springframework.web.servlet.handler.HandlerExceptionResolverComposite.resolveException(HandlerExceptionResolverComposite.java:74)
	at org.springframework.web.servlet.DispatcherServlet.processHandlerException(DispatcherServlet.java:1207)
	at org.springframework.web.servlet.DispatcherServlet.processDispatchResult(DispatcherServlet.java:1030)
	at org.springframework.web.servlet.DispatcherServlet.doDispatch(DispatcherServlet.java:980)
	at org.springframework.web.servlet.DispatcherServlet.doService(DispatcherServlet.java:897)
	at org.springframework.web.servlet.FrameworkServlet.processRequest(FrameworkServlet.java:970)
	at org.springframework.web.servlet.FrameworkServlet.doGet(FrameworkServlet.java:861)
	at javax.servlet.http.HttpServlet.service(HttpServlet.java:687)
	at org.springframework.web.servlet.FrameworkServlet.service(FrameworkServlet.java:846)
	at javax.servlet.http.HttpServlet.service(HttpServlet.java:790)
	at org.eclipse.jetty.servlet.ServletHolder.handle(ServletHolder.java:760)
	at org.eclipse.jetty.servlet.ServletHandler$CachedChain.doFilter(ServletHandler.java:1617)
	at org.eclipse.jetty.websocket.server.WebSocketUpgradeFilter.doFilter(WebSocketUpgradeFilter.java:226)
	at org.eclipse.jetty.servlet.ServletHandler$CachedChain.doFilter(ServletHandler.java:1604)
	at org.springframework.security.web.FilterChainProxy.doFilterInternal(FilterChainProxy.java:208)
	at org.springframework.security.web.FilterChainProxy.doFilter(FilterChainProxy.java:177)
	at org.springframework.web.filter.DelegatingFilterProxy.invokeDelegate(DelegatingFilterProxy.java:346)
	at org.springframework.web.filter.DelegatingFilterProxy.doFilter(DelegatingFilterProxy.java:262)
	at org.eclipse.jetty.servlet.ServletHandler$CachedChain.doFilter(ServletHandler.java:1604)
	at org.eclipse.jetty.servlet.ServletHandler.doHandle(ServletHandler.java:545)
	at org.eclipse.jetty.server.handler.ScopedHandler.handle(ScopedHandler.java:143)
	at org.eclipse.jetty.security.SecurityHandler.handle(SecurityHandler.java:536)
	at org.eclipse.jetty.server.handler.HandlerWrapper.handle(HandlerWrapper.java:127)
	at org.eclipse.jetty.server.handler.ScopedHandler.nextHandle(ScopedHandler.java:235)
	at org.eclipse.jetty.server.session.SessionHandler.doHandle(SessionHandler.java:1589)
	at org.eclipse.jetty.server.handler.ScopedHandler.nextHandle(ScopedHandler.java:233)
	at org.eclipse.jetty.server.handler.ContextHandler.doHandle(ContextHandler.java:1296)
	at org.eclipse.jetty.server.handler.ScopedHandler.nextScope(ScopedHandler.java:188)
	at org.eclipse.jetty.servlet.ServletHandler.doScope(ServletHandler.java:485)
	at org.eclipse.jetty.server.session.SessionHandler.doScope(SessionHandler.java:1559)
	at org.eclipse.jetty.server.handler.ScopedHandler.nextScope(ScopedHandler.java:186)
	at org.eclipse.jetty.server.handler.ContextHandler.doScope(ContextHandler.java:1211)
	at org.eclipse.jetty.server.handler.ScopedHandler.handle(ScopedHandler.java:141)
	at org.eclipse.jetty.server.handler.ContextHandlerCollection.handle(ContextHandlerCollection.java:221)
	at org.eclipse.jetty.server.handler.HandlerCollection.handle(HandlerCollection.java:146)
	at org.eclipse.jetty.server.handler.HandlerWrapper.handle(HandlerWrapper.java:127)
	at org.eclipse.jetty.server.Server.handle(Server.java:500)
	at org.eclipse.jetty.server.HttpChannel.lambda$handle$1(HttpChannel.java:386)
	at org.eclipse.jetty.server.HttpChannel.dispatch(HttpChannel.java:560)
	at org.eclipse.jetty.server.HttpChannel.handle(HttpChannel.java:378)
	at org.eclipse.jetty.server.HttpConnection.onFillable(HttpConnection.java:268)
	at org.eclipse.jetty.io.AbstractConnection$ReadCallback.succeeded(AbstractConnection.java:311)
	at org.eclipse.jetty.io.FillInterest.fillable(FillInterest.java:103)
	at org.eclipse.jetty.io.ChannelEndPoint$2.run(ChannelEndPoint.java:117)
	at org.eclipse.jetty.util.thread.strategy.EatWhatYouKill.runTask(EatWhatYouKill.java:336)
	at org.eclipse.jetty.util.thread.strategy.EatWhatYouKill.doProduce(EatWhatYouKill.java:313)
	at org.eclipse.jetty.util.thread.strategy.EatWhatYouKill.tryProduce(EatWhatYouKill.java:171)
	at org.eclipse.jetty.util.thread.strategy.EatWhatYouKill.run(EatWhatYouKill.java:129)
	at org.eclipse.jetty.util.thread.ReservedThreadExecutor$ReservedThread.run(ReservedThreadExecutor.java:367)
	at org.eclipse.jetty.util.thread.QueuedThreadPool.runJob(QueuedThreadPool.java:782)
	at org.eclipse.jetty.util.thread.QueuedThreadPool$Runner.run(QueuedThreadPool.java:914)
	at java.base/java.lang.Thread.run(Thread.java:830)
2020-01-12 23:55:41 WARN  ExceptionHandlerExceptionResolver:391 - Failed to invoke @ExceptionHandler method: public com.increff.employee.model.MessageData com.increff.employee.controller.AppRestControllerAdvice.handle(java.lang.Throwable)
java.lang.NoClassDefFoundError: Could not initialize class org.springframework.web.accept.PathExtensionContentNegotiationStrategy$ActivationMediaTypeFactory
	at org.springframework.web.accept.PathExtensionContentNegotiationStrategy.handleNoMatch(PathExtensionContentNegotiationStrategy.java:130)
	at org.springframework.web.accept.ServletPathExtensionContentNegotiationStrategy.handleNoMatch(ServletPathExtensionContentNegotiationStrategy.java:78)
	at org.springframework.web.accept.AbstractMappingContentNegotiationStrategy.resolveMediaTypeKey(AbstractMappingContentNegotiationStrategy.java:78)
	at org.springframework.web.accept.AbstractMappingContentNegotiationStrategy.resolveMediaTypes(AbstractMappingContentNegotiationStrategy.java:61)
	at org.springframework.web.accept.ContentNegotiationManager.resolveMediaTypes(ContentNegotiationManager.java:125)
	at org.springframework.web.servlet.mvc.method.annotation.AbstractMessageConverterMethodProcessor.getAcceptableMediaTypes(AbstractMessageConverterMethodProcessor.java:329)
	at org.springframework.web.servlet.mvc.method.annotation.AbstractMessageConverterMethodProcessor.writeWithMessageConverters(AbstractMessageConverterMethodProcessor.java:183)
	at org.springframework.web.servlet.mvc.method.annotation.RequestResponseBodyMethodProcessor.handleReturnValue(RequestResponseBodyMethodProcessor.java:174)
	at org.springframework.web.method.support.HandlerMethodReturnValueHandlerComposite.handleReturnValue(HandlerMethodReturnValueHandlerComposite.java:81)
	at org.springframework.web.servlet.mvc.method.annotation.ServletInvocableHandlerMethod.invokeAndHandle(ServletInvocableHandlerMethod.java:132)
	at org.springframework.web.servlet.mvc.method.annotation.ExceptionHandlerExceptionResolver.doResolveHandlerMethodException(ExceptionHandlerExceptionResolver.java:380)
	at org.springframework.web.servlet.handler.AbstractHandlerMethodExceptionResolver.doResolveException(AbstractHandlerMethodExceptionResolver.java:59)
	at org.springframework.web.servlet.handler.AbstractHandlerExceptionResolver.resolveException(AbstractHandlerExceptionResolver.java:136)
	at org.springframework.web.servlet.handler.HandlerExceptionResolverComposite.resolveException(HandlerExceptionResolverComposite.java:74)
	at org.springframework.web.servlet.DispatcherServlet.processHandlerException(DispatcherServlet.java:1207)
	at org.springframework.web.servlet.DispatcherServlet.processDispatchResult(DispatcherServlet.java:1030)
	at org.springframework.web.servlet.DispatcherServlet.doDispatch(DispatcherServlet.java:980)
	at org.springframework.web.servlet.DispatcherServlet.doService(DispatcherServlet.java:897)
	at org.springframework.web.servlet.FrameworkServlet.processRequest(FrameworkServlet.java:970)
	at org.springframework.web.servlet.FrameworkServlet.doGet(FrameworkServlet.java:861)
	at javax.servlet.http.HttpServlet.service(HttpServlet.java:687)
	at org.springframework.web.servlet.FrameworkServlet.service(FrameworkServlet.java:846)
	at javax.servlet.http.HttpServlet.service(HttpServlet.java:790)
	at org.eclipse.jetty.servlet.ServletHolder.handle(ServletHolder.java:760)
	at org.eclipse.jetty.servlet.ServletHandler$CachedChain.doFilter(ServletHandler.java:1617)
	at org.eclipse.jetty.websocket.server.WebSocketUpgradeFilter.doFilter(WebSocketUpgradeFilter.java:226)
	at org.eclipse.jetty.servlet.ServletHandler$CachedChain.doFilter(ServletHandler.java:1604)
	at org.springframework.security.web.FilterChainProxy.doFilterInternal(FilterChainProxy.java:208)
	at org.springframework.security.web.FilterChainProxy.doFilter(FilterChainProxy.java:177)
	at org.springframework.web.filter.DelegatingFilterProxy.invokeDelegate(DelegatingFilterProxy.java:346)
	at org.springframework.web.filter.DelegatingFilterProxy.doFilter(DelegatingFilterProxy.java:262)
	at org.eclipse.jetty.servlet.ServletHandler$CachedChain.doFilter(ServletHandler.java:1604)
	at org.eclipse.jetty.servlet.ServletHandler.doHandle(ServletHandler.java:545)
	at org.eclipse.jetty.server.handler.ScopedHandler.handle(ScopedHandler.java:143)
	at org.eclipse.jetty.security.SecurityHandler.handle(SecurityHandler.java:536)
	at org.eclipse.jetty.server.handler.HandlerWrapper.handle(HandlerWrapper.java:127)
	at org.eclipse.jetty.server.handler.ScopedHandler.nextHandle(ScopedHandler.java:235)
	at org.eclipse.jetty.server.session.SessionHandler.doHandle(SessionHandler.java:1589)
	at org.eclipse.jetty.server.handler.ScopedHandler.nextHandle(ScopedHandler.java:233)
	at org.eclipse.jetty.server.handler.ContextHandler.doHandle(ContextHandler.java:1296)
	at org.eclipse.jetty.server.handler.ScopedHandler.nextScope(ScopedHandler.java:188)
	at org.eclipse.jetty.servlet.ServletHandler.doScope(ServletHandler.java:485)
	at org.eclipse.jetty.server.session.SessionHandler.doScope(SessionHandler.java:1559)
	at org.eclipse.jetty.server.handler.ScopedHandler.nextScope(ScopedHandler.java:186)
	at org.eclipse.jetty.server.handler.ContextHandler.doScope(ContextHandler.java:1211)
	at org.eclipse.jetty.server.handler.ScopedHandler.handle(ScopedHandler.java:141)
	at org.eclipse.jetty.server.handler.ContextHandlerCollection.handle(ContextHandlerCollection.java:221)
	at org.eclipse.jetty.server.handler.HandlerCollection.handle(HandlerCollection.java:146)
	at org.eclipse.jetty.server.handler.HandlerWrapper.handle(HandlerWrapper.java:127)
	at org.eclipse.jetty.server.Server.handle(Server.java:500)
	at org.eclipse.jetty.server.HttpChannel.lambda$handle$1(HttpChannel.java:386)
	at org.eclipse.jetty.server.HttpChannel.dispatch(HttpChannel.java:560)
	at org.eclipse.jetty.server.HttpChannel.handle(HttpChannel.java:378)
	at org.eclipse.jetty.server.HttpConnection.onFillable(HttpConnection.java:268)
	at org.eclipse.jetty.io.AbstractConnection$ReadCallback.succeeded(AbstractConnection.java:311)
	at org.eclipse.jetty.io.FillInterest.fillable(FillInterest.java:103)
	at org.eclipse.jetty.io.ChannelEndPoint$2.run(ChannelEndPoint.java:117)
	at org.eclipse.jetty.util.thread.strategy.EatWhatYouKill.runTask(EatWhatYouKill.java:336)
	at org.eclipse.jetty.util.thread.strategy.EatWhatYouKill.doProduce(EatWhatYouKill.java:313)
	at org.eclipse.jetty.util.thread.strategy.EatWhatYouKill.tryProduce(EatWhatYouKill.java:171)
	at org.eclipse.jetty.util.thread.strategy.EatWhatYouKill.run(EatWhatYouKill.java:129)
	at org.eclipse.jetty.util.thread.ReservedThreadExecutor$ReservedThread.run(ReservedThreadExecutor.java:367)
	at org.eclipse.jetty.util.thread.QueuedThreadPool.runJob(QueuedThreadPool.java:782)
	at org.eclipse.jetty.util.thread.QueuedThreadPool$Runner.run(QueuedThreadPool.java:914)
	at java.base/java.lang.Thread.run(Thread.java:830)
2020-01-13 00:00:08 WARN  ExceptionHandlerExceptionResolver:391 - Failed to invoke @ExceptionHandler method: public com.increff.employee.model.MessageData com.increff.employee.controller.AppRestControllerAdvice.handle(java.lang.Throwable)
java.lang.NoClassDefFoundError: Could not initialize class org.springframework.web.accept.PathExtensionContentNegotiationStrategy$ActivationMediaTypeFactory
	at org.springframework.web.accept.PathExtensionContentNegotiationStrategy.handleNoMatch(PathExtensionContentNegotiationStrategy.java:130)
	at org.springframework.web.accept.ServletPathExtensionContentNegotiationStrategy.handleNoMatch(ServletPathExtensionContentNegotiationStrategy.java:78)
	at org.springframework.web.accept.AbstractMappingContentNegotiationStrategy.resolveMediaTypeKey(AbstractMappingContentNegotiationStrategy.java:78)
	at org.springframework.web.accept.AbstractMappingContentNegotiationStrategy.resolveMediaTypes(AbstractMappingContentNegotiationStrategy.java:61)
	at org.springframework.web.accept.ContentNegotiationManager.resolveMediaTypes(ContentNegotiationManager.java:125)
	at org.springframework.web.servlet.mvc.method.annotation.AbstractMessageConverterMethodProcessor.getAcceptableMediaTypes(AbstractMessageConverterMethodProcessor.java:329)
	at org.springframework.web.servlet.mvc.method.annotation.AbstractMessageConverterMethodProcessor.writeWithMessageConverters(AbstractMessageConverterMethodProcessor.java:183)
	at org.springframework.web.servlet.mvc.method.annotation.RequestResponseBodyMethodProcessor.handleReturnValue(RequestResponseBodyMethodProcessor.java:174)
	at org.springframework.web.method.support.HandlerMethodReturnValueHandlerComposite.handleReturnValue(HandlerMethodReturnValueHandlerComposite.java:81)
	at org.springframework.web.servlet.mvc.method.annotation.ServletInvocableHandlerMethod.invokeAndHandle(ServletInvocableHandlerMethod.java:132)
	at org.springframework.web.servlet.mvc.method.annotation.ExceptionHandlerExceptionResolver.doResolveHandlerMethodException(ExceptionHandlerExceptionResolver.java:380)
	at org.springframework.web.servlet.handler.AbstractHandlerMethodExceptionResolver.doResolveException(AbstractHandlerMethodExceptionResolver.java:59)
	at org.springframework.web.servlet.handler.AbstractHandlerExceptionResolver.resolveException(AbstractHandlerExceptionResolver.java:136)
	at org.springframework.web.servlet.handler.HandlerExceptionResolverComposite.resolveException(HandlerExceptionResolverComposite.java:74)
	at org.springframework.web.servlet.DispatcherServlet.processHandlerException(DispatcherServlet.java:1207)
	at org.springframework.web.servlet.DispatcherServlet.processDispatchResult(DispatcherServlet.java:1030)
	at org.springframework.web.servlet.DispatcherServlet.doDispatch(DispatcherServlet.java:980)
	at org.springframework.web.servlet.DispatcherServlet.doService(DispatcherServlet.java:897)
	at org.springframework.web.servlet.FrameworkServlet.processRequest(FrameworkServlet.java:970)
	at org.springframework.web.servlet.FrameworkServlet.doGet(FrameworkServlet.java:861)
	at javax.servlet.http.HttpServlet.service(HttpServlet.java:687)
	at org.springframework.web.servlet.FrameworkServlet.service(FrameworkServlet.java:846)
	at javax.servlet.http.HttpServlet.service(HttpServlet.java:790)
	at org.eclipse.jetty.servlet.ServletHolder.handle(ServletHolder.java:760)
	at org.eclipse.jetty.servlet.ServletHandler$CachedChain.doFilter(ServletHandler.java:1617)
	at org.eclipse.jetty.websocket.server.WebSocketUpgradeFilter.doFilter(WebSocketUpgradeFilter.java:226)
	at org.eclipse.jetty.servlet.ServletHandler$CachedChain.doFilter(ServletHandler.java:1604)
	at org.springframework.security.web.FilterChainProxy.doFilterInternal(FilterChainProxy.java:208)
	at org.springframework.security.web.FilterChainProxy.doFilter(FilterChainProxy.java:177)
	at org.springframework.web.filter.DelegatingFilterProxy.invokeDelegate(DelegatingFilterProxy.java:346)
	at org.springframework.web.filter.DelegatingFilterProxy.doFilter(DelegatingFilterProxy.java:262)
	at org.eclipse.jetty.servlet.ServletHandler$CachedChain.doFilter(ServletHandler.java:1604)
	at org.eclipse.jetty.servlet.ServletHandler.doHandle(ServletHandler.java:545)
	at org.eclipse.jetty.server.handler.ScopedHandler.handle(ScopedHandler.java:143)
	at org.eclipse.jetty.security.SecurityHandler.handle(SecurityHandler.java:536)
	at org.eclipse.jetty.server.handler.HandlerWrapper.handle(HandlerWrapper.java:127)
	at org.eclipse.jetty.server.handler.ScopedHandler.nextHandle(ScopedHandler.java:235)
	at org.eclipse.jetty.server.session.SessionHandler.doHandle(SessionHandler.java:1589)
	at org.eclipse.jetty.server.handler.ScopedHandler.nextHandle(ScopedHandler.java:233)
	at org.eclipse.jetty.server.handler.ContextHandler.doHandle(ContextHandler.java:1296)
	at org.eclipse.jetty.server.handler.ScopedHandler.nextScope(ScopedHandler.java:188)
	at org.eclipse.jetty.servlet.ServletHandler.doScope(ServletHandler.java:485)
	at org.eclipse.jetty.server.session.SessionHandler.doScope(SessionHandler.java:1559)
	at org.eclipse.jetty.server.handler.ScopedHandler.nextScope(ScopedHandler.java:186)
	at org.eclipse.jetty.server.handler.ContextHandler.doScope(ContextHandler.java:1211)
	at org.eclipse.jetty.server.handler.ScopedHandler.handle(ScopedHandler.java:141)
	at org.eclipse.jetty.server.handler.ContextHandlerCollection.handle(ContextHandlerCollection.java:221)
	at org.eclipse.jetty.server.handler.HandlerCollection.handle(HandlerCollection.java:146)
	at org.eclipse.jetty.server.handler.HandlerWrapper.handle(HandlerWrapper.java:127)
	at org.eclipse.jetty.server.Server.handle(Server.java:500)
	at org.eclipse.jetty.server.HttpChannel.lambda$handle$1(HttpChannel.java:386)
	at org.eclipse.jetty.server.HttpChannel.dispatch(HttpChannel.java:560)
	at org.eclipse.jetty.server.HttpChannel.handle(HttpChannel.java:378)
	at org.eclipse.jetty.server.HttpConnection.onFillable(HttpConnection.java:268)
	at org.eclipse.jetty.io.AbstractConnection$ReadCallback.succeeded(AbstractConnection.java:311)
	at org.eclipse.jetty.io.FillInterest.fillable(FillInterest.java:103)
	at org.eclipse.jetty.io.ChannelEndPoint$2.run(ChannelEndPoint.java:117)
	at org.eclipse.jetty.util.thread.strategy.EatWhatYouKill.runTask(EatWhatYouKill.java:336)
	at org.eclipse.jetty.util.thread.strategy.EatWhatYouKill.doProduce(EatWhatYouKill.java:313)
	at org.eclipse.jetty.util.thread.strategy.EatWhatYouKill.tryProduce(EatWhatYouKill.java:171)
	at org.eclipse.jetty.util.thread.strategy.EatWhatYouKill.run(EatWhatYouKill.java:129)
	at org.eclipse.jetty.util.thread.ReservedThreadExecutor$ReservedThread.run(ReservedThreadExecutor.java:367)
	at org.eclipse.jetty.util.thread.QueuedThreadPool.runJob(QueuedThreadPool.java:782)
	at org.eclipse.jetty.util.thread.QueuedThreadPool$Runner.run(QueuedThreadPool.java:914)
	at java.base/java.lang.Thread.run(Thread.java:830)
2020-01-13 00:00:08 WARN  ExceptionHandlerExceptionResolver:391 - Failed to invoke @ExceptionHandler method: public com.increff.employee.model.MessageData com.increff.employee.controller.AppRestControllerAdvice.handle(java.lang.Throwable)
java.lang.NoClassDefFoundError: Could not initialize class org.springframework.web.accept.PathExtensionContentNegotiationStrategy$ActivationMediaTypeFactory
	at org.springframework.web.accept.PathExtensionContentNegotiationStrategy.handleNoMatch(PathExtensionContentNegotiationStrategy.java:130)
	at org.springframework.web.accept.ServletPathExtensionContentNegotiationStrategy.handleNoMatch(ServletPathExtensionContentNegotiationStrategy.java:78)
	at org.springframework.web.accept.AbstractMappingContentNegotiationStrategy.resolveMediaTypeKey(AbstractMappingContentNegotiationStrategy.java:78)
	at org.springframework.web.accept.AbstractMappingContentNegotiationStrategy.resolveMediaTypes(AbstractMappingContentNegotiationStrategy.java:61)
	at org.springframework.web.accept.ContentNegotiationManager.resolveMediaTypes(ContentNegotiationManager.java:125)
	at org.springframework.web.servlet.mvc.method.annotation.AbstractMessageConverterMethodProcessor.getAcceptableMediaTypes(AbstractMessageConverterMethodProcessor.java:329)
	at org.springframework.web.servlet.mvc.method.annotation.AbstractMessageConverterMethodProcessor.writeWithMessageConverters(AbstractMessageConverterMethodProcessor.java:183)
	at org.springframework.web.servlet.mvc.method.annotation.RequestResponseBodyMethodProcessor.handleReturnValue(RequestResponseBodyMethodProcessor.java:174)
	at org.springframework.web.method.support.HandlerMethodReturnValueHandlerComposite.handleReturnValue(HandlerMethodReturnValueHandlerComposite.java:81)
	at org.springframework.web.servlet.mvc.method.annotation.ServletInvocableHandlerMethod.invokeAndHandle(ServletInvocableHandlerMethod.java:132)
	at org.springframework.web.servlet.mvc.method.annotation.ExceptionHandlerExceptionResolver.doResolveHandlerMethodException(ExceptionHandlerExceptionResolver.java:380)
	at org.springframework.web.servlet.handler.AbstractHandlerMethodExceptionResolver.doResolveException(AbstractHandlerMethodExceptionResolver.java:59)
	at org.springframework.web.servlet.handler.AbstractHandlerExceptionResolver.resolveException(AbstractHandlerExceptionResolver.java:136)
	at org.springframework.web.servlet.handler.HandlerExceptionResolverComposite.resolveException(HandlerExceptionResolverComposite.java:74)
	at org.springframework.web.servlet.DispatcherServlet.processHandlerException(DispatcherServlet.java:1207)
	at org.springframework.web.servlet.DispatcherServlet.processDispatchResult(DispatcherServlet.java:1030)
	at org.springframework.web.servlet.DispatcherServlet.doDispatch(DispatcherServlet.java:980)
	at org.springframework.web.servlet.DispatcherServlet.doService(DispatcherServlet.java:897)
	at org.springframework.web.servlet.FrameworkServlet.processRequest(FrameworkServlet.java:970)
	at org.springframework.web.servlet.FrameworkServlet.doGet(FrameworkServlet.java:861)
	at javax.servlet.http.HttpServlet.service(HttpServlet.java:687)
	at org.springframework.web.servlet.FrameworkServlet.service(FrameworkServlet.java:846)
	at javax.servlet.http.HttpServlet.service(HttpServlet.java:790)
	at org.eclipse.jetty.servlet.ServletHolder.handle(ServletHolder.java:760)
	at org.eclipse.jetty.servlet.ServletHandler$CachedChain.doFilter(ServletHandler.java:1617)
	at org.eclipse.jetty.websocket.server.WebSocketUpgradeFilter.doFilter(WebSocketUpgradeFilter.java:226)
	at org.eclipse.jetty.servlet.ServletHandler$CachedChain.doFilter(ServletHandler.java:1604)
	at org.springframework.security.web.FilterChainProxy.doFilterInternal(FilterChainProxy.java:208)
	at org.springframework.security.web.FilterChainProxy.doFilter(FilterChainProxy.java:177)
	at org.springframework.web.filter.DelegatingFilterProxy.invokeDelegate(DelegatingFilterProxy.java:346)
	at org.springframework.web.filter.DelegatingFilterProxy.doFilter(DelegatingFilterProxy.java:262)
	at org.eclipse.jetty.servlet.ServletHandler$CachedChain.doFilter(ServletHandler.java:1604)
	at org.eclipse.jetty.servlet.ServletHandler.doHandle(ServletHandler.java:545)
	at org.eclipse.jetty.server.handler.ScopedHandler.handle(ScopedHandler.java:143)
	at org.eclipse.jetty.security.SecurityHandler.handle(SecurityHandler.java:536)
	at org.eclipse.jetty.server.handler.HandlerWrapper.handle(HandlerWrapper.java:127)
	at org.eclipse.jetty.server.handler.ScopedHandler.nextHandle(ScopedHandler.java:235)
	at org.eclipse.jetty.server.session.SessionHandler.doHandle(SessionHandler.java:1589)
	at org.eclipse.jetty.server.handler.ScopedHandler.nextHandle(ScopedHandler.java:233)
	at org.eclipse.jetty.server.handler.ContextHandler.doHandle(ContextHandler.java:1296)
	at org.eclipse.jetty.server.handler.ScopedHandler.nextScope(ScopedHandler.java:188)
	at org.eclipse.jetty.servlet.ServletHandler.doScope(ServletHandler.java:485)
	at org.eclipse.jetty.server.session.SessionHandler.doScope(SessionHandler.java:1559)
	at org.eclipse.jetty.server.handler.ScopedHandler.nextScope(ScopedHandler.java:186)
	at org.eclipse.jetty.server.handler.ContextHandler.doScope(ContextHandler.java:1211)
	at org.eclipse.jetty.server.handler.ScopedHandler.handle(ScopedHandler.java:141)
	at org.eclipse.jetty.server.handler.ContextHandlerCollection.handle(ContextHandlerCollection.java:221)
	at org.eclipse.jetty.server.handler.HandlerCollection.handle(HandlerCollection.java:146)
	at org.eclipse.jetty.server.handler.HandlerWrapper.handle(HandlerWrapper.java:127)
	at org.eclipse.jetty.server.Server.handle(Server.java:500)
	at org.eclipse.jetty.server.HttpChannel.lambda$handle$1(HttpChannel.java:386)
	at org.eclipse.jetty.server.HttpChannel.dispatch(HttpChannel.java:560)
	at org.eclipse.jetty.server.HttpChannel.handle(HttpChannel.java:378)
	at org.eclipse.jetty.server.HttpConnection.onFillable(HttpConnection.java:268)
	at org.eclipse.jetty.io.AbstractConnection$ReadCallback.succeeded(AbstractConnection.java:311)
	at org.eclipse.jetty.io.FillInterest.fillable(FillInterest.java:103)
	at org.eclipse.jetty.io.ChannelEndPoint$2.run(ChannelEndPoint.java:117)
	at org.eclipse.jetty.util.thread.strategy.EatWhatYouKill.runTask(EatWhatYouKill.java:336)
	at org.eclipse.jetty.util.thread.strategy.EatWhatYouKill.doProduce(EatWhatYouKill.java:313)
	at org.eclipse.jetty.util.thread.strategy.EatWhatYouKill.tryProduce(EatWhatYouKill.java:171)
	at org.eclipse.jetty.util.thread.strategy.EatWhatYouKill.run(EatWhatYouKill.java:129)
	at org.eclipse.jetty.util.thread.ReservedThreadExecutor$ReservedThread.run(ReservedThreadExecutor.java:367)
	at org.eclipse.jetty.util.thread.QueuedThreadPool.runJob(QueuedThreadPool.java:782)
	at org.eclipse.jetty.util.thread.QueuedThreadPool$Runner.run(QueuedThreadPool.java:914)
	at java.base/java.lang.Thread.run(Thread.java:830)
2020-01-13 00:00:08 WARN  ExceptionHandlerExceptionResolver:391 - Failed to invoke @ExceptionHandler method: public com.increff.employee.model.MessageData com.increff.employee.controller.AppRestControllerAdvice.handle(java.lang.Throwable)
java.lang.NoClassDefFoundError: Could not initialize class org.springframework.web.accept.PathExtensionContentNegotiationStrategy$ActivationMediaTypeFactory
	at org.springframework.web.accept.PathExtensionContentNegotiationStrategy.handleNoMatch(PathExtensionContentNegotiationStrategy.java:130)
	at org.springframework.web.accept.ServletPathExtensionContentNegotiationStrategy.handleNoMatch(ServletPathExtensionContentNegotiationStrategy.java:78)
	at org.springframework.web.accept.AbstractMappingContentNegotiationStrategy.resolveMediaTypeKey(AbstractMappingContentNegotiationStrategy.java:78)
	at org.springframework.web.accept.AbstractMappingContentNegotiationStrategy.resolveMediaTypes(AbstractMappingContentNegotiationStrategy.java:61)
	at org.springframework.web.accept.ContentNegotiationManager.resolveMediaTypes(ContentNegotiationManager.java:125)
	at org.springframework.web.servlet.mvc.method.annotation.AbstractMessageConverterMethodProcessor.getAcceptableMediaTypes(AbstractMessageConverterMethodProcessor.java:329)
	at org.springframework.web.servlet.mvc.method.annotation.AbstractMessageConverterMethodProcessor.writeWithMessageConverters(AbstractMessageConverterMethodProcessor.java:183)
	at org.springframework.web.servlet.mvc.method.annotation.RequestResponseBodyMethodProcessor.handleReturnValue(RequestResponseBodyMethodProcessor.java:174)
	at org.springframework.web.method.support.HandlerMethodReturnValueHandlerComposite.handleReturnValue(HandlerMethodReturnValueHandlerComposite.java:81)
	at org.springframework.web.servlet.mvc.method.annotation.ServletInvocableHandlerMethod.invokeAndHandle(ServletInvocableHandlerMethod.java:132)
	at org.springframework.web.servlet.mvc.method.annotation.ExceptionHandlerExceptionResolver.doResolveHandlerMethodException(ExceptionHandlerExceptionResolver.java:380)
	at org.springframework.web.servlet.handler.AbstractHandlerMethodExceptionResolver.doResolveException(AbstractHandlerMethodExceptionResolver.java:59)
	at org.springframework.web.servlet.handler.AbstractHandlerExceptionResolver.resolveException(AbstractHandlerExceptionResolver.java:136)
	at org.springframework.web.servlet.handler.HandlerExceptionResolverComposite.resolveException(HandlerExceptionResolverComposite.java:74)
	at org.springframework.web.servlet.DispatcherServlet.processHandlerException(DispatcherServlet.java:1207)
	at org.springframework.web.servlet.DispatcherServlet.processDispatchResult(DispatcherServlet.java:1030)
	at org.springframework.web.servlet.DispatcherServlet.doDispatch(DispatcherServlet.java:980)
	at org.springframework.web.servlet.DispatcherServlet.doService(DispatcherServlet.java:897)
	at org.springframework.web.servlet.FrameworkServlet.processRequest(FrameworkServlet.java:970)
	at org.springframework.web.servlet.FrameworkServlet.doGet(FrameworkServlet.java:861)
	at javax.servlet.http.HttpServlet.service(HttpServlet.java:687)
	at org.springframework.web.servlet.FrameworkServlet.service(FrameworkServlet.java:846)
	at javax.servlet.http.HttpServlet.service(HttpServlet.java:790)
	at org.eclipse.jetty.servlet.ServletHolder.handle(ServletHolder.java:760)
	at org.eclipse.jetty.servlet.ServletHandler$CachedChain.doFilter(ServletHandler.java:1617)
	at org.eclipse.jetty.websocket.server.WebSocketUpgradeFilter.doFilter(WebSocketUpgradeFilter.java:226)
	at org.eclipse.jetty.servlet.ServletHandler$CachedChain.doFilter(ServletHandler.java:1604)
	at org.springframework.security.web.FilterChainProxy.doFilterInternal(FilterChainProxy.java:208)
	at org.springframework.security.web.FilterChainProxy.doFilter(FilterChainProxy.java:177)
	at org.springframework.web.filter.DelegatingFilterProxy.invokeDelegate(DelegatingFilterProxy.java:346)
	at org.springframework.web.filter.DelegatingFilterProxy.doFilter(DelegatingFilterProxy.java:262)
	at org.eclipse.jetty.servlet.ServletHandler$CachedChain.doFilter(ServletHandler.java:1604)
	at org.eclipse.jetty.servlet.ServletHandler.doHandle(ServletHandler.java:545)
	at org.eclipse.jetty.server.handler.ScopedHandler.handle(ScopedHandler.java:143)
	at org.eclipse.jetty.security.SecurityHandler.handle(SecurityHandler.java:536)
	at org.eclipse.jetty.server.handler.HandlerWrapper.handle(HandlerWrapper.java:127)
	at org.eclipse.jetty.server.handler.ScopedHandler.nextHandle(ScopedHandler.java:235)
	at org.eclipse.jetty.server.session.SessionHandler.doHandle(SessionHandler.java:1589)
	at org.eclipse.jetty.server.handler.ScopedHandler.nextHandle(ScopedHandler.java:233)
	at org.eclipse.jetty.server.handler.ContextHandler.doHandle(ContextHandler.java:1296)
	at org.eclipse.jetty.server.handler.ScopedHandler.nextScope(ScopedHandler.java:188)
	at org.eclipse.jetty.servlet.ServletHandler.doScope(ServletHandler.java:485)
	at org.eclipse.jetty.server.session.SessionHandler.doScope(SessionHandler.java:1559)
	at org.eclipse.jetty.server.handler.ScopedHandler.nextScope(ScopedHandler.java:186)
	at org.eclipse.jetty.server.handler.ContextHandler.doScope(ContextHandler.java:1211)
	at org.eclipse.jetty.server.handler.ScopedHandler.handle(ScopedHandler.java:141)
	at org.eclipse.jetty.server.handler.ContextHandlerCollection.handle(ContextHandlerCollection.java:221)
	at org.eclipse.jetty.server.handler.HandlerCollection.handle(HandlerCollection.java:146)
	at org.eclipse.jetty.server.handler.HandlerWrapper.handle(HandlerWrapper.java:127)
	at org.eclipse.jetty.server.Server.handle(Server.java:500)
	at org.eclipse.jetty.server.HttpChannel.lambda$handle$1(HttpChannel.java:386)
	at org.eclipse.jetty.server.HttpChannel.dispatch(HttpChannel.java:560)
	at org.eclipse.jetty.server.HttpChannel.handle(HttpChannel.java:378)
	at org.eclipse.jetty.server.HttpConnection.onFillable(HttpConnection.java:268)
	at org.eclipse.jetty.io.AbstractConnection$ReadCallback.succeeded(AbstractConnection.java:311)
	at org.eclipse.jetty.io.FillInterest.fillable(FillInterest.java:103)
	at org.eclipse.jetty.io.ChannelEndPoint$2.run(ChannelEndPoint.java:117)
	at org.eclipse.jetty.util.thread.strategy.EatWhatYouKill.runTask(EatWhatYouKill.java:336)
	at org.eclipse.jetty.util.thread.strategy.EatWhatYouKill.doProduce(EatWhatYouKill.java:313)
	at org.eclipse.jetty.util.thread.strategy.EatWhatYouKill.tryProduce(EatWhatYouKill.java:171)
	at org.eclipse.jetty.util.thread.strategy.EatWhatYouKill.run(EatWhatYouKill.java:129)
	at org.eclipse.jetty.util.thread.ReservedThreadExecutor$ReservedThread.run(ReservedThreadExecutor.java:367)
	at org.eclipse.jetty.util.thread.QueuedThreadPool.runJob(QueuedThreadPool.java:782)
	at org.eclipse.jetty.util.thread.QueuedThreadPool$Runner.run(QueuedThreadPool.java:914)
	at java.base/java.lang.Thread.run(Thread.java:830)
2020-01-13 17:57:09 INFO  SecurityConfig:33 - Configuration complete
2020-01-13 18:49:51 INFO  SecurityConfig:33 - Configuration complete
2020-01-13 18:50:58 INFO  SecurityConfig:33 - Configuration complete
2020-01-13 18:51:40 INFO  SecurityConfig:33 - Configuration complete
2020-01-14 13:46:29 INFO  SecurityConfig:33 - Configuration complete
2020-01-21 20:39:55 INFO  SecurityConfig:33 - Configuration complete
